<?xml version="1.0" encoding="UTF-8"?>
<!-- Generated by org.testng.reporters.JUnitReportReporter -->
<testsuite hostname="BLRLW4560" name="test_cases.SmokeTest" tests="1" failures="0" timestamp="5 Dec 2017 12:16:51 GMT" time="17.757" errors="0">
  <testcase name="login" time="17.757" classname="test_cases.SmokeTest"/>
</testsuite> <!-- test_cases.SmokeTest -->
